;  LST file generated by mikroListExporter - v.2.0 
; Date/Time: 20/10/2021 19:44:44
;----------------------------------------------

;Address Opcode 	ASM
0x0000	0xF000EF1B  	GOTO        54
0x0004	0x0000      	NOP
0x0006	0x0000      	NOP
0x0008	0xF000EF00  	GOTO        0
0x000C	0x0000      	NOP
0x000E	0x0000      	NOP
0x0010	0x0000      	NOP
0x0012	0x0000      	NOP
0x0014	0x0000      	NOP
0x0016	0x0000      	NOP
0x0018	0xD7F3      	BRA         0
_logica:
;Aciona_LED.c,13 :: 		void logica()
;Aciona_LED.c,15 :: 		while(1)
L_logica0:
;Aciona_LED.c,17 :: 		if(B1==1)
0x001C	0xA081      	BTFSS       PORTB, 0 
0x001E	0xD002      	BRA         L_logica2
;Aciona_LED.c,19 :: 		OUT1 = 0; //ACIONA LED
0x0020	0x9083      	BCF         PORTD, 0 
;Aciona_LED.c,20 :: 		}// fim if
0x0022	0xD001      	BRA         L_logica3
L_logica2:
;Aciona_LED.c,23 :: 		OUT1 = 1; // DESLIGA LED
0x0024	0x8083      	BSF         PORTD, 0 
;Aciona_LED.c,24 :: 		}// fim else
L_logica3:
;Aciona_LED.c,25 :: 		}// fim while
0x0026	0xD7FA      	BRA         L_logica0
;Aciona_LED.c,26 :: 		}
L_end_logica:
0x0028	0x0012      	RETURN      0
; end of _logica
_config_io:
;Aciona_LED.c,7 :: 		void config_io()
;Aciona_LED.c,9 :: 		TRISB=0x01; // PORTB.RB0 definido como entrada de dados digitais
0x002A	0x0E01      	MOVLW       1
0x002C	0x6E93      	MOVWF       TRISB 
;Aciona_LED.c,10 :: 		TRISD=0X00; // PORTD.RD0 definido como saida de dados digitais
0x002E	0x6A95      	CLRF        TRISD 
;Aciona_LED.c,11 :: 		PORTD=0XFF; // Limpa o PORTD
0x0030	0x0EFF      	MOVLW       255
0x0032	0x6E83      	MOVWF       PORTD 
;Aciona_LED.c,12 :: 		}
L_end_config_io:
0x0034	0x0012      	RETURN      0
; end of _config_io
_main:
;Aciona_LED.c,27 :: 		void main()
;Aciona_LED.c,29 :: 		config_io();
0x0036	0xDFF9      	RCALL       _config_io
;Aciona_LED.c,30 :: 		logica();
0x0038	0xDFF1      	RCALL       _logica
;Aciona_LED.c,31 :: 		}// fim main
L_end_main:
0x003A	0xD7FF      	BRA         $+0
; end of _main
Symbol List:
//** Routines locations **
//ADDRESS    SIZE    PROCEDURE
//----------------------------------------------
0x001C      [14]    _logica
0x002A      [12]    _config_io
0x0036       [6]    _main
//** Variables locations ** 
//ADDRESS    SIZE    VARIABLE
//----------------------------------------------
0x0000       [1]    R0
0x0001       [1]    R1
0x0002       [1]    R2
0x0003       [1]    R3
0x0004       [1]    R4
0x0005       [1]    R5
0x0006       [1]    R6
0x0007       [1]    R7
0x0008       [1]    R8
0x0009       [1]    R9
0x000A       [1]    R10
0x000B       [1]    R11
0x000C       [1]    R12
0x000D       [1]    R13
0x000E       [1]    R14
0x000F       [1]    R15
0x0010       [1]    R16
0x0011       [1]    R17
0x0012       [1]    R18
0x0013       [1]    R19
0x0014       [1]    R20
0x0F81       [1]    PORTB
0x0F83       [1]    PORTD
0x0F93       [1]    TRISB
0x0F95       [1]    TRISD
0x0FD8       [1]    STATUS
0x0FD9       [1]    FSR2L
0x0FDA       [1]    FSR2H
0x0FDE       [1]    POSTINC2
0x0FE0       [1]    BSR
0x0FE1       [1]    FSR1L
0x0FE2       [1]    FSR1H
0x0FE4       [1]    PREINC1
0x0FE6       [1]    POSTINC1
0x0FE7       [1]    INDF1
0x0FE8       [1]    WREG
0x0FE9       [1]    FSR0L
0x0FEA       [1]    FSR0H
0x0FEE       [1]    POSTINC0
0x0FF3       [1]    PRODL
0x0FF4       [1]    PRODH
0x0FF5       [1]    TABLAT
0x0FF6       [1]    TBLPTRL
0x0FF7       [1]    TBLPTRH
0x0FF8       [1]    TBLPTRU
