;  LST file generated by mikroListExporter - v.2.0 
; Date/Time: 02/03/2022 21:31:28
;----------------------------------------------

;Address Opcode 	ASM
0x0000	0xF000EF16  	GOTO        44
0x0004	0x0000      	NOP
0x0006	0x0000      	NOP
0x0008	0xF000EF00  	GOTO        0
0x000C	0x0000      	NOP
0x000E	0x0000      	NOP
0x0010	0x0000      	NOP
0x0012	0x0000      	NOP
0x0014	0x0000      	NOP
0x0016	0x0000      	NOP
0x0018	0xD7F3      	BRA         0
_config_io:
;Exercicio_1.c,6 :: 		void config_io()
;Exercicio_1.c,8 :: 		TRISB=0X03;
0x001C	0x0E03      	MOVLW       3
0x001E	0x6E93      	MOVWF       TRISB 
;Exercicio_1.c,9 :: 		TRISD=0X00;
0x0020	0x6A95      	CLRF        TRISD 
;Exercicio_1.c,10 :: 		PORTD=0XFF;
0x0022	0x0EFF      	MOVLW       255
0x0024	0x6E83      	MOVWF       PORTD 
;Exercicio_1.c,11 :: 		ADCON1=0X0F;
0x0026	0x0E0F      	MOVLW       15
0x0028	0x6EC1      	MOVWF       ADCON1 
;Exercicio_1.c,12 :: 		}
L_end_config_io:
0x002A	0x0012      	RETURN      0
; end of _config_io
_main:
;Exercicio_1.c,14 :: 		void main()
;Exercicio_1.c,16 :: 		config_io();
0x002C	0xDFF7      	RCALL       _config_io
;Exercicio_1.c,17 :: 		while(1)
L_main0:
;Exercicio_1.c,19 :: 		if (S1==0 && S2==0)
0x002E	0xB081      	BTFSC       PORTB, 0 
0x0030	0xD005      	BRA         L_main4
0x0032	0xB281      	BTFSC       PORTB, 1 
0x0034	0xD003      	BRA         L_main4
L__main20:
;Exercicio_1.c,21 :: 		D1=1;
0x0036	0x8083      	BSF         PORTD, 0 
;Exercicio_1.c,22 :: 		D2=1;
0x0038	0x8283      	BSF         PORTD, 1 
;Exercicio_1.c,23 :: 		}
0x003A	0xD014      	BRA         L_main5
L_main4:
;Exercicio_1.c,24 :: 		else if (S1==0 && S2==1)
0x003C	0xB081      	BTFSC       PORTB, 0 
0x003E	0xD005      	BRA         L_main8
0x0040	0xA281      	BTFSS       PORTB, 1 
0x0042	0xD003      	BRA         L_main8
L__main19:
;Exercicio_1.c,26 :: 		D1=0;
0x0044	0x9083      	BCF         PORTD, 0 
;Exercicio_1.c,27 :: 		D2=0;
0x0046	0x9283      	BCF         PORTD, 1 
;Exercicio_1.c,28 :: 		}
0x0048	0xD00D      	BRA         L_main9
L_main8:
;Exercicio_1.c,29 :: 		else if (S1==1 && S2==0)
0x004A	0xA081      	BTFSS       PORTB, 0 
0x004C	0xD005      	BRA         L_main12
0x004E	0xB281      	BTFSC       PORTB, 1 
0x0050	0xD003      	BRA         L_main12
L__main18:
;Exercicio_1.c,31 :: 		D1=1;
0x0052	0x8083      	BSF         PORTD, 0 
;Exercicio_1.c,32 :: 		D2=0;
0x0054	0x9283      	BCF         PORTD, 1 
;Exercicio_1.c,33 :: 		}
0x0056	0xD006      	BRA         L_main13
L_main12:
;Exercicio_1.c,34 :: 		else if (S1==1 && S2==1)
0x0058	0xA081      	BTFSS       PORTB, 0 
0x005A	0xD004      	BRA         L_main16
0x005C	0xA281      	BTFSS       PORTB, 1 
0x005E	0xD002      	BRA         L_main16
L__main17:
;Exercicio_1.c,36 :: 		D1=0;
0x0060	0x9083      	BCF         PORTD, 0 
;Exercicio_1.c,37 :: 		D2=1;
0x0062	0x8283      	BSF         PORTD, 1 
;Exercicio_1.c,38 :: 		}
L_main16:
L_main13:
L_main9:
L_main5:
;Exercicio_1.c,39 :: 		}
0x0064	0xD7E4      	BRA         L_main0
;Exercicio_1.c,40 :: 		}
L_end_main:
0x0066	0xD7FF      	BRA         $+0
; end of _main
Symbol List:
//** Routines locations **
//ADDRESS    SIZE    PROCEDURE
//----------------------------------------------
0x001C      [16]    _config_io
0x002C      [60]    _main
//** Variables locations ** 
//ADDRESS    SIZE    VARIABLE
//----------------------------------------------
0x0000       [1]    R0
0x0001       [1]    R1
0x0002       [1]    R2
0x0003       [1]    R3
0x0004       [1]    R4
0x0005       [1]    R5
0x0006       [1]    R6
0x0007       [1]    R7
0x0008       [1]    R8
0x0009       [1]    R9
0x000A       [1]    R10
0x000B       [1]    R11
0x000C       [1]    R12
0x000D       [1]    R13
0x000E       [1]    R14
0x000F       [1]    R15
0x0010       [1]    R16
0x0011       [1]    R17
0x0012       [1]    R18
0x0013       [1]    R19
0x0014       [1]    R20
0x0F81       [1]    PORTB
0x0F83       [1]    PORTD
0x0F93       [1]    TRISB
0x0F95       [1]    TRISD
0x0FC1       [1]    ADCON1
0x0FD8       [1]    STATUS
0x0FD9       [1]    FSR2L
0x0FDA       [1]    FSR2H
0x0FDE       [1]    POSTINC2
0x0FE0       [1]    BSR
0x0FE1       [1]    FSR1L
0x0FE2       [1]    FSR1H
0x0FE4       [1]    PREINC1
0x0FE6       [1]    POSTINC1
0x0FE7       [1]    INDF1
0x0FE8       [1]    WREG
0x0FE9       [1]    FSR0L
0x0FEA       [1]    FSR0H
0x0FEE       [1]    POSTINC0
0x0FF3       [1]    PRODL
0x0FF4       [1]    PRODH
0x0FF5       [1]    TABLAT
0x0FF6       [1]    TBLPTRL
0x0FF7       [1]    TBLPTRH
0x0FF8       [1]    TBLPTRU
